# JRE version: OpenJDK Runtime Environment (21.0.6) (build 21.0.6+-13355223-b631.42)
# Java VM: OpenJDK 64-Bit Server VM (21.0.6+-13355223-b631.42, mixed mode, tiered, compressed oops, compressed class ptrs, g1 gc, windows-amd64)
GC Precious Log:
 CardTable entry size: 512
 Card Set container configuration: InlinePtr #cards 5 size 8 Array Of Cards #cards 12 size 40 Howl #buckets 4 coarsen threshold 1843 Howl Bitmap #cards 512 size 80 coarsen threshold 460 Card regions per heap region 1 cards per card region 2048
 CPUs: 4 total, 4 available
 Memory: 3460M
 Large Page Support: Disabled
 NUMA Support: Disabled
 Compressed Oops: Enabled (32-bit)
 Heap Region Size: 1M
 Heap Min Capacity: 8M
 Heap Initial Capacity: 56M
 Heap Max Capacity: 2G
 Pre-touch: Disabled
 Parallel Workers: 4
 Concurrent Workers: 1
 Concurrent Refinement Workers: 4
 Periodic GC: Disabled
Heap:
 garbage-first heap   total 277504K, used 161999K [0x0000000080000000, 0x0000000100000000)
  region size 1024K, 2 young (2048K), 2 survivors (2048K)
 Metaspace       used 154008K, committed 158592K, reserved 1245184K
  class space    used 19808K, committed 21632K, reserved 1048576K
GC Heap History (20 events):
Event: 2411.827 GC heap after
{Heap after GC invocations=75 (full 0):
 garbage-first heap   total 257024K, used 144384K [0x0000000080000000, 0x0000000100000000)
  region size 1024K, 8 young (8192K), 8 survivors (8192K)
 Metaspace       used 156158K, committed 158528K, reserved 1245184K
  class space    used 20482K, committed 21632K, reserved 1048576K
}
Event: 2415.052 GC heap before
{Heap before GC invocations=75 (full 0):
 garbage-first heap   total 257024K, used 192512K [0x0000000080000000, 0x0000000100000000)
  region size 1024K, 57 young (58368K), 8 survivors (8192K)
 Metaspace       used 156256K, committed 158592K, reserved 1245184K
  class space    used 20482K, committed 21632K, reserved 1048576K
}
Event: 2415.080 GC heap after
{Heap after GC invocations=76 (full 0):
 garbage-first heap   total 257024K, used 148818K [0x0000000080000000, 0x0000000100000000)
  region size 1024K, 8 young (8192K), 8 survivors (8192K)
 Metaspace       used 156256K, committed 158592K, reserved 1245184K
  class space    used 20482K, committed 21632K, reserved 1048576K
}
Event: 6256.302 GC heap before
{Heap before GC invocations=77 (full 0):
 garbage-first heap   total 268288K, used 244050K [0x0000000080000000, 0x0000000100000000)
  region size 1024K, 91 young (93184K), 8 survivors (8192K)
 Metaspace       used 153306K, committed 158400K, reserved 1245184K
  class space    used 19812K, committed 21632K, reserved 1048576K
}
Event: 6256.648 GC heap after
{Heap after GC invocations=78 (full 0):
 garbage-first heap   total 268288K, used 143974K [0x0000000080000000, 0x0000000100000000)
  region size 1024K, 2 young (2048K), 2 survivors (2048K)
 Metaspace       used 153306K, committed 158400K, reserved 1245184K
  class space    used 19812K, committed 21632K, reserved 1048576K
}
Event: 7289.204 GC heap before
{Heap before GC invocations=78 (full 0):
 garbage-first heap   total 268288K, used 247398K [0x0000000080000000, 0x0000000100000000)
  region size 1024K, 102 young (104448K), 2 survivors (2048K)
 Metaspace       used 153564K, committed 158464K, reserved 1245184K
  class space    used 19814K, committed 21632K, reserved 1048576K
}
Event: 7289.578 GC heap after
{Heap after GC invocations=79 (full 0):
 garbage-first heap   total 277504K, used 148480K [0x0000000080000000, 0x0000000100000000)
  region size 1024K, 13 young (13312K), 13 survivors (13312K)
 Metaspace       used 153564K, committed 158464K, reserved 1245184K
  class space    used 19814K, committed 21632K, reserved 1048576K
}
Event: 7289.707 GC heap before
{Heap before GC invocations=79 (full 0):
 garbage-first heap   total 277504K, used 149504K [0x0000000080000000, 0x0000000100000000)
  region size 1024K, 14 young (14336K), 13 survivors (13312K)
 Metaspace       used 153564K, committed 158464K, reserved 1245184K
  class space    used 19814K, committed 21632K, reserved 1048576K
}
Event: 7289.898 GC heap after
{Heap after GC invocations=80 (full 0):
 garbage-first heap   total 277504K, used 148480K [0x0000000080000000, 0x0000000100000000)
  region size 1024K, 2 young (2048K), 2 survivors (2048K)
 Metaspace       used 153564K, committed 158464K, reserved 1245184K
  class space    used 19814K, committed 21632K, reserved 1048576K
}
Event: 7295.220 GC heap before
{Heap before GC invocations=80 (full 0):
 garbage-first heap   total 277504K, used 187392K [0x0000000080000000, 0x0000000100000000)
  region size 1024K, 26 young (26624K), 2 survivors (2048K)
 Metaspace       used 153739K, committed 158592K, reserved 1245184K
  class space    used 19815K, committed 21632K, reserved 1048576K
}
Event: 7295.313 GC heap after
{Heap after GC invocations=81 (full 0):
 garbage-first heap   total 277504K, used 154112K [0x0000000080000000, 0x0000000100000000)
  region size 1024K, 4 young (4096K), 4 survivors (4096K)
 Metaspace       used 153739K, committed 158592K, reserved 1245184K
  class space    used 19815K, committed 21632K, reserved 1048576K
}
Event: 7301.557 GC heap before
{Heap before GC invocations=81 (full 0):
 garbage-first heap   total 277504K, used 167424K [0x0000000080000000, 0x0000000100000000)
  region size 1024K, 18 young (18432K), 4 survivors (4096K)
 Metaspace       used 153768K, committed 158592K, reserved 1245184K
  class space    used 19815K, committed 21632K, reserved 1048576K
}
Event: 7301.639 GC heap after
{Heap after GC invocations=82 (full 0):
 garbage-first heap   total 277504K, used 156087K [0x0000000080000000, 0x0000000100000000)
  region size 1024K, 3 young (3072K), 3 survivors (3072K)
 Metaspace       used 153768K, committed 158592K, reserved 1245184K
  class space    used 19815K, committed 21632K, reserved 1048576K
}
Event: 7301.890 GC heap before
{Heap before GC invocations=82 (full 0):
 garbage-first heap   total 277504K, used 177591K [0x0000000080000000, 0x0000000100000000)
  region size 1024K, 25 young (25600K), 3 survivors (3072K)
 Metaspace       used 153777K, committed 158592K, reserved 1245184K
  class space    used 19815K, committed 21632K, reserved 1048576K
}
Event: 7301.985 GC heap after
{Heap after GC invocations=83 (full 0):
 garbage-first heap   total 277504K, used 154901K [0x0000000080000000, 0x0000000100000000)
  region size 1024K, 2 young (2048K), 2 survivors (2048K)
 Metaspace       used 153777K, committed 158592K, reserved 1245184K
  class space    used 19815K, committed 21632K, reserved 1048576K
}
Event: 7303.735 GC heap before
{Heap before GC invocations=83 (full 0):
 garbage-first heap   total 277504K, used 171285K [0x0000000080000000, 0x0000000100000000)
  region size 1024K, 20 young (20480K), 2 survivors (2048K)
 Metaspace       used 153857K, committed 158592K, reserved 1245184K
  class space    used 19815K, committed 21632K, reserved 1048576K
}
Event: 7303.794 GC heap after
{Heap after GC invocations=84 (full 0):
 garbage-first heap   total 277504K, used 156280K [0x0000000080000000, 0x0000000100000000)
  region size 1024K, 4 young (4096K), 4 survivors (4096K)
 Metaspace       used 153857K, committed 158592K, reserved 1245184K
  class space    used 19815K, committed 21632K, reserved 1048576K
}
Event: 7308.615 GC heap before
{Heap before GC invocations=84 (full 0):
 garbage-first heap   total 277504K, used 172664K [0x0000000080000000, 0x0000000100000000)
  region size 1024K, 21 young (21504K), 4 survivors (4096K)
 Metaspace       used 153988K, committed 158592K, reserved 1245184K
  class space    used 19808K, committed 21632K, reserved 1048576K
}
Event: 7308.663 GC heap after
{Heap after GC invocations=85 (full 0):
 garbage-first heap   total 277504K, used 158683K [0x0000000080000000, 0x0000000100000000)
  region size 1024K, 3 young (3072K), 3 survivors (3072K)
 Metaspace       used 153988K, committed 158592K, reserved 1245184K
  class space    used 19808K, committed 21632K, reserved 1048576K
}
Event: 7309.305 GC heap before
{Heap before GC invocations=85 (full 0):
 garbage-first heap   total 277504K, used 168923K [0x0000000080000000, 0x0000000100000000)
  region size 1024K, 13 young (13312K), 3 survivors (3072K)
 Metaspace       used 154008K, committed 158592K, reserved 1245184K
  class space    used 19808K, committed 21632K, reserved 1048576K
}

